::1 - - [19/Dec/2021:13:15:46 +0000] "GET / HTTP/1.1" 200 514 "-" "Mozilla/5.0 (Windows NT 10.0; Win64; x64) AppleWebKit/537.36 (KHTML, like Gecko) Chrome/96.0.4664.110 Safari/537.36"
::1 - - [19/Dec/2021:13:15:46 +0000] "GET /pages/home/home.js HTTP/1.1" 200 557 "http://localhost:2000/" "Mozilla/5.0 (Windows NT 10.0; Win64; x64) AppleWebKit/537.36 (KHTML, like Gecko) Chrome/96.0.4664.110 Safari/537.36"
::1 - - [19/Dec/2021:13:15:46 +0000] "GET /styles/styles.css HTTP/1.1" 200 6420 "http://localhost:2000/" "Mozilla/5.0 (Windows NT 10.0; Win64; x64) AppleWebKit/537.36 (KHTML, like Gecko) Chrome/96.0.4664.110 Safari/537.36"
::1 - - [19/Dec/2021:13:15:47 +0000] "GET /components/header-component.js HTTP/1.1" 200 290 "http://localhost:2000/pages/home/home.js" "Mozilla/5.0 (Windows NT 10.0; Win64; x64) AppleWebKit/537.36 (KHTML, like Gecko) Chrome/96.0.4664.110 Safari/537.36"
::1 - - [19/Dec/2021:13:15:47 +0000] "GET /components/footer-component.js HTTP/1.1" 200 162 "http://localhost:2000/pages/home/home.js" "Mozilla/5.0 (Windows NT 10.0; Win64; x64) AppleWebKit/537.36 (KHTML, like Gecko) Chrome/96.0.4664.110 Safari/537.36"
::1 - - [19/Dec/2021:13:15:47 +0000] "GET /pages/home/main-section.js HTTP/1.1" 200 234 "http://localhost:2000/pages/home/home.js" "Mozilla/5.0 (Windows NT 10.0; Win64; x64) AppleWebKit/537.36 (KHTML, like Gecko) Chrome/96.0.4664.110 Safari/537.36"
::1 - - [19/Dec/2021:13:15:47 +0000] "GET /assets/logo.png HTTP/1.1" 404 154 "http://localhost:2000/" "Mozilla/5.0 (Windows NT 10.0; Win64; x64) AppleWebKit/537.36 (KHTML, like Gecko) Chrome/96.0.4664.110 Safari/537.36"
::1 - - [19/Dec/2021:13:15:47 +0000] "GET /favicon.ico HTTP/1.1" 404 150 "http://localhost:2000/" "Mozilla/5.0 (Windows NT 10.0; Win64; x64) AppleWebKit/537.36 (KHTML, like Gecko) Chrome/96.0.4664.110 Safari/537.36"
::1 - - [19/Dec/2021:13:18:35 +0000] "GET / HTTP/1.1" 304 - "-" "Mozilla/5.0 (Windows NT 10.0; Win64; x64) AppleWebKit/537.36 (KHTML, like Gecko) Chrome/96.0.4664.110 Safari/537.36"
::1 - - [19/Dec/2021:13:18:35 +0000] "GET /styles/styles.css HTTP/1.1" 304 - "http://localhost:2000/" "Mozilla/5.0 (Windows NT 10.0; Win64; x64) AppleWebKit/537.36 (KHTML, like Gecko) Chrome/96.0.4664.110 Safari/537.36"
::1 - - [19/Dec/2021:13:18:35 +0000] "GET /pages/home/home.js HTTP/1.1" 304 - "http://localhost:2000/" "Mozilla/5.0 (Windows NT 10.0; Win64; x64) AppleWebKit/537.36 (KHTML, like Gecko) Chrome/96.0.4664.110 Safari/537.36"
::1 - - [19/Dec/2021:13:18:35 +0000] "GET /pages/home/main-section.js HTTP/1.1" 304 - "http://localhost:2000/pages/home/home.js" "Mozilla/5.0 (Windows NT 10.0; Win64; x64) AppleWebKit/537.36 (KHTML, like Gecko) Chrome/96.0.4664.110 Safari/537.36"
::1 - - [19/Dec/2021:13:18:35 +0000] "GET /components/header-component.js HTTP/1.1" 304 - "http://localhost:2000/pages/home/home.js" "Mozilla/5.0 (Windows NT 10.0; Win64; x64) AppleWebKit/537.36 (KHTML, like Gecko) Chrome/96.0.4664.110 Safari/537.36"
::1 - - [19/Dec/2021:13:18:35 +0000] "GET /components/footer-component.js HTTP/1.1" 304 - "http://localhost:2000/pages/home/home.js" "Mozilla/5.0 (Windows NT 10.0; Win64; x64) AppleWebKit/537.36 (KHTML, like Gecko) Chrome/96.0.4664.110 Safari/537.36"
::1 - - [19/Dec/2021:13:18:35 +0000] "GET /assets/logo.png HTTP/1.1" 404 154 "http://localhost:2000/" "Mozilla/5.0 (Windows NT 10.0; Win64; x64) AppleWebKit/537.36 (KHTML, like Gecko) Chrome/96.0.4664.110 Safari/537.36"
::1 - - [19/Dec/2021:13:18:37 +0000] "GET /pages/members/members.html HTTP/1.1" 200 420 "http://localhost:2000/" "Mozilla/5.0 (Windows NT 10.0; Win64; x64) AppleWebKit/537.36 (KHTML, like Gecko) Chrome/96.0.4664.110 Safari/537.36"
::1 - - [19/Dec/2021:13:18:37 +0000] "GET /styles/styles.css HTTP/1.1" 304 - "http://localhost:2000/pages/members/members.html" "Mozilla/5.0 (Windows NT 10.0; Win64; x64) AppleWebKit/537.36 (KHTML, like Gecko) Chrome/96.0.4664.110 Safari/537.36"
::1 - - [19/Dec/2021:13:18:37 +0000] "GET /pages/members/members.js HTTP/1.1" 200 563 "http://localhost:2000/pages/members/members.html" "Mozilla/5.0 (Windows NT 10.0; Win64; x64) AppleWebKit/537.36 (KHTML, like Gecko) Chrome/96.0.4664.110 Safari/537.36"
::1 - - [19/Dec/2021:13:18:37 +0000] "GET /components/header-component.js HTTP/1.1" 304 - "http://localhost:2000/pages/members/members.js" "Mozilla/5.0 (Windows NT 10.0; Win64; x64) AppleWebKit/537.36 (KHTML, like Gecko) Chrome/96.0.4664.110 Safari/537.36"
::1 - - [19/Dec/2021:13:18:37 +0000] "GET /components/footer-component.js HTTP/1.1" 304 - "http://localhost:2000/pages/members/members.js" "Mozilla/5.0 (Windows NT 10.0; Win64; x64) AppleWebKit/537.36 (KHTML, like Gecko) Chrome/96.0.4664.110 Safari/537.36"
::1 - - [19/Dec/2021:13:18:37 +0000] "GET /pages/members/main-section.js HTTP/1.1" 200 237 "http://localhost:2000/pages/members/members.js" "Mozilla/5.0 (Windows NT 10.0; Win64; x64) AppleWebKit/537.36 (KHTML, like Gecko) Chrome/96.0.4664.110 Safari/537.36"
::1 - - [19/Dec/2021:13:18:37 +0000] "GET /assets/logo.png HTTP/1.1" 404 154 "http://localhost:2000/pages/members/members.html" "Mozilla/5.0 (Windows NT 10.0; Win64; x64) AppleWebKit/537.36 (KHTML, like Gecko) Chrome/96.0.4664.110 Safari/537.36"
::1 - - [19/Dec/2021:13:18:39 +0000] "GET /pages/home/home.html HTTP/1.1" 200 414 "http://localhost:2000/pages/members/members.html" "Mozilla/5.0 (Windows NT 10.0; Win64; x64) AppleWebKit/537.36 (KHTML, like Gecko) Chrome/96.0.4664.110 Safari/537.36"
::1 - - [19/Dec/2021:13:18:39 +0000] "GET /styles/styles.css HTTP/1.1" 304 - "http://localhost:2000/pages/home/home.html" "Mozilla/5.0 (Windows NT 10.0; Win64; x64) AppleWebKit/537.36 (KHTML, like Gecko) Chrome/96.0.4664.110 Safari/537.36"
::1 - - [19/Dec/2021:13:18:39 +0000] "GET /pages/home/home.js HTTP/1.1" 304 - "http://localhost:2000/pages/home/home.html" "Mozilla/5.0 (Windows NT 10.0; Win64; x64) AppleWebKit/537.36 (KHTML, like Gecko) Chrome/96.0.4664.110 Safari/537.36"
::1 - - [19/Dec/2021:13:18:39 +0000] "GET /components/header-component.js HTTP/1.1" 304 - "http://localhost:2000/pages/home/home.js" "Mozilla/5.0 (Windows NT 10.0; Win64; x64) AppleWebKit/537.36 (KHTML, like Gecko) Chrome/96.0.4664.110 Safari/537.36"
::1 - - [19/Dec/2021:13:18:39 +0000] "GET /components/footer-component.js HTTP/1.1" 304 - "http://localhost:2000/pages/home/home.js" "Mozilla/5.0 (Windows NT 10.0; Win64; x64) AppleWebKit/537.36 (KHTML, like Gecko) Chrome/96.0.4664.110 Safari/537.36"
::1 - - [19/Dec/2021:13:18:39 +0000] "GET /pages/home/main-section.js HTTP/1.1" 304 - "http://localhost:2000/pages/home/home.js" "Mozilla/5.0 (Windows NT 10.0; Win64; x64) AppleWebKit/537.36 (KHTML, like Gecko) Chrome/96.0.4664.110 Safari/537.36"
::1 - - [19/Dec/2021:13:18:39 +0000] "GET /assets/logo.png HTTP/1.1" 404 154 "http://localhost:2000/pages/home/home.html" "Mozilla/5.0 (Windows NT 10.0; Win64; x64) AppleWebKit/537.36 (KHTML, like Gecko) Chrome/96.0.4664.110 Safari/537.36"
::1 - - [19/Dec/2021:13:18:41 +0000] "GET /pages/members/members.html HTTP/1.1" 304 - "http://localhost:2000/pages/home/home.html" "Mozilla/5.0 (Windows NT 10.0; Win64; x64) AppleWebKit/537.36 (KHTML, like Gecko) Chrome/96.0.4664.110 Safari/537.36"
::1 - - [19/Dec/2021:13:18:41 +0000] "GET /styles/styles.css HTTP/1.1" 304 - "http://localhost:2000/pages/members/members.html" "Mozilla/5.0 (Windows NT 10.0; Win64; x64) AppleWebKit/537.36 (KHTML, like Gecko) Chrome/96.0.4664.110 Safari/537.36"
::1 - - [19/Dec/2021:13:18:41 +0000] "GET /pages/members/members.js HTTP/1.1" 304 - "http://localhost:2000/pages/members/members.html" "Mozilla/5.0 (Windows NT 10.0; Win64; x64) AppleWebKit/537.36 (KHTML, like Gecko) Chrome/96.0.4664.110 Safari/537.36"
::1 - - [19/Dec/2021:13:18:41 +0000] "GET /components/header-component.js HTTP/1.1" 304 - "http://localhost:2000/pages/members/members.js" "Mozilla/5.0 (Windows NT 10.0; Win64; x64) AppleWebKit/537.36 (KHTML, like Gecko) Chrome/96.0.4664.110 Safari/537.36"
::1 - - [19/Dec/2021:13:18:41 +0000] "GET /components/footer-component.js HTTP/1.1" 304 - "http://localhost:2000/pages/members/members.js" "Mozilla/5.0 (Windows NT 10.0; Win64; x64) AppleWebKit/537.36 (KHTML, like Gecko) Chrome/96.0.4664.110 Safari/537.36"
::1 - - [19/Dec/2021:13:18:41 +0000] "GET /pages/members/main-section.js HTTP/1.1" 304 - "http://localhost:2000/pages/members/members.js" "Mozilla/5.0 (Windows NT 10.0; Win64; x64) AppleWebKit/537.36 (KHTML, like Gecko) Chrome/96.0.4664.110 Safari/537.36"
::1 - - [19/Dec/2021:13:18:41 +0000] "GET /assets/logo.png HTTP/1.1" 404 154 "http://localhost:2000/pages/members/members.html" "Mozilla/5.0 (Windows NT 10.0; Win64; x64) AppleWebKit/537.36 (KHTML, like Gecko) Chrome/96.0.4664.110 Safari/537.36"
::1 - - [19/Dec/2021:13:18:43 +0000] "GET /pages/home/home.html HTTP/1.1" 304 - "http://localhost:2000/pages/members/members.html" "Mozilla/5.0 (Windows NT 10.0; Win64; x64) AppleWebKit/537.36 (KHTML, like Gecko) Chrome/96.0.4664.110 Safari/537.36"
::1 - - [19/Dec/2021:13:18:43 +0000] "GET /styles/styles.css HTTP/1.1" 304 - "http://localhost:2000/pages/home/home.html" "Mozilla/5.0 (Windows NT 10.0; Win64; x64) AppleWebKit/537.36 (KHTML, like Gecko) Chrome/96.0.4664.110 Safari/537.36"
::1 - - [19/Dec/2021:13:18:43 +0000] "GET /pages/home/home.js HTTP/1.1" 304 - "http://localhost:2000/pages/home/home.html" "Mozilla/5.0 (Windows NT 10.0; Win64; x64) AppleWebKit/537.36 (KHTML, like Gecko) Chrome/96.0.4664.110 Safari/537.36"
::1 - - [19/Dec/2021:13:18:43 +0000] "GET /components/header-component.js HTTP/1.1" 304 - "http://localhost:2000/pages/home/home.js" "Mozilla/5.0 (Windows NT 10.0; Win64; x64) AppleWebKit/537.36 (KHTML, like Gecko) Chrome/96.0.4664.110 Safari/537.36"
::1 - - [19/Dec/2021:13:18:43 +0000] "GET /components/footer-component.js HTTP/1.1" 304 - "http://localhost:2000/pages/home/home.js" "Mozilla/5.0 (Windows NT 10.0; Win64; x64) AppleWebKit/537.36 (KHTML, like Gecko) Chrome/96.0.4664.110 Safari/537.36"
::1 - - [19/Dec/2021:13:18:43 +0000] "GET /pages/home/main-section.js HTTP/1.1" 304 - "http://localhost:2000/pages/home/home.js" "Mozilla/5.0 (Windows NT 10.0; Win64; x64) AppleWebKit/537.36 (KHTML, like Gecko) Chrome/96.0.4664.110 Safari/537.36"
::1 - - [19/Dec/2021:13:18:43 +0000] "GET /assets/logo.png HTTP/1.1" 404 154 "http://localhost:2000/pages/home/home.html" "Mozilla/5.0 (Windows NT 10.0; Win64; x64) AppleWebKit/537.36 (KHTML, like Gecko) Chrome/96.0.4664.110 Safari/537.36"
::1 - - [19/Dec/2021:13:18:44 +0000] "GET /pages/members/members.html HTTP/1.1" 304 - "http://localhost:2000/pages/home/home.html" "Mozilla/5.0 (Windows NT 10.0; Win64; x64) AppleWebKit/537.36 (KHTML, like Gecko) Chrome/96.0.4664.110 Safari/537.36"
::1 - - [19/Dec/2021:13:18:44 +0000] "GET /styles/styles.css HTTP/1.1" 304 - "http://localhost:2000/pages/members/members.html" "Mozilla/5.0 (Windows NT 10.0; Win64; x64) AppleWebKit/537.36 (KHTML, like Gecko) Chrome/96.0.4664.110 Safari/537.36"
::1 - - [19/Dec/2021:13:18:44 +0000] "GET /pages/members/members.js HTTP/1.1" 304 - "http://localhost:2000/pages/members/members.html" "Mozilla/5.0 (Windows NT 10.0; Win64; x64) AppleWebKit/537.36 (KHTML, like Gecko) Chrome/96.0.4664.110 Safari/537.36"
::1 - - [19/Dec/2021:13:18:44 +0000] "GET /components/header-component.js HTTP/1.1" 304 - "http://localhost:2000/pages/members/members.js" "Mozilla/5.0 (Windows NT 10.0; Win64; x64) AppleWebKit/537.36 (KHTML, like Gecko) Chrome/96.0.4664.110 Safari/537.36"
::1 - - [19/Dec/2021:13:18:44 +0000] "GET /components/footer-component.js HTTP/1.1" 304 - "http://localhost:2000/pages/members/members.js" "Mozilla/5.0 (Windows NT 10.0; Win64; x64) AppleWebKit/537.36 (KHTML, like Gecko) Chrome/96.0.4664.110 Safari/537.36"
::1 - - [19/Dec/2021:13:18:44 +0000] "GET /pages/members/main-section.js HTTP/1.1" 304 - "http://localhost:2000/pages/members/members.js" "Mozilla/5.0 (Windows NT 10.0; Win64; x64) AppleWebKit/537.36 (KHTML, like Gecko) Chrome/96.0.4664.110 Safari/537.36"
::1 - - [19/Dec/2021:13:18:44 +0000] "GET /assets/logo.png HTTP/1.1" 404 154 "http://localhost:2000/pages/members/members.html" "Mozilla/5.0 (Windows NT 10.0; Win64; x64) AppleWebKit/537.36 (KHTML, like Gecko) Chrome/96.0.4664.110 Safari/537.36"
::1 - - [19/Dec/2021:13:21:01 +0000] "GET /pages/members/members.html HTTP/1.1" 304 - "http://localhost:2000/pages/home/home.html" "Mozilla/5.0 (Windows NT 10.0; Win64; x64) AppleWebKit/537.36 (KHTML, like Gecko) Chrome/96.0.4664.110 Safari/537.36"
::1 - - [19/Dec/2021:13:21:01 +0000] "GET /styles/styles.css HTTP/1.1" 304 - "http://localhost:2000/pages/members/members.html" "Mozilla/5.0 (Windows NT 10.0; Win64; x64) AppleWebKit/537.36 (KHTML, like Gecko) Chrome/96.0.4664.110 Safari/537.36"
::1 - - [19/Dec/2021:13:21:01 +0000] "GET /pages/members/members.js HTTP/1.1" 304 - "http://localhost:2000/pages/members/members.html" "Mozilla/5.0 (Windows NT 10.0; Win64; x64) AppleWebKit/537.36 (KHTML, like Gecko) Chrome/96.0.4664.110 Safari/537.36"
::1 - - [19/Dec/2021:13:21:01 +0000] "GET /pages/members/main-section.js HTTP/1.1" 304 - "http://localhost:2000/pages/members/members.js" "Mozilla/5.0 (Windows NT 10.0; Win64; x64) AppleWebKit/537.36 (KHTML, like Gecko) Chrome/96.0.4664.110 Safari/537.36"
::1 - - [19/Dec/2021:13:21:01 +0000] "GET /components/footer-component.js HTTP/1.1" 304 - "http://localhost:2000/pages/members/members.js" "Mozilla/5.0 (Windows NT 10.0; Win64; x64) AppleWebKit/537.36 (KHTML, like Gecko) Chrome/96.0.4664.110 Safari/537.36"
::1 - - [19/Dec/2021:13:21:01 +0000] "GET /components/header-component.js HTTP/1.1" 200 305 "http://localhost:2000/pages/members/members.js" "Mozilla/5.0 (Windows NT 10.0; Win64; x64) AppleWebKit/537.36 (KHTML, like Gecko) Chrome/96.0.4664.110 Safari/537.36"
::1 - - [19/Dec/2021:13:21:01 +0000] "GET /public/assets/logo_pc_full.png HTTP/1.1" 200 125836 "http://localhost:2000/pages/members/members.html" "Mozilla/5.0 (Windows NT 10.0; Win64; x64) AppleWebKit/537.36 (KHTML, like Gecko) Chrome/96.0.4664.110 Safari/537.36"
::1 - - [19/Dec/2021:13:22:42 +0000] "GET /pages/members/members.html HTTP/1.1" 304 - "http://localhost:2000/pages/home/home.html" "Mozilla/5.0 (Windows NT 10.0; Win64; x64) AppleWebKit/537.36 (KHTML, like Gecko) Chrome/96.0.4664.110 Safari/537.36"
::1 - - [19/Dec/2021:13:22:42 +0000] "GET /pages/members/members.js HTTP/1.1" 304 - "http://localhost:2000/pages/members/members.html" "Mozilla/5.0 (Windows NT 10.0; Win64; x64) AppleWebKit/537.36 (KHTML, like Gecko) Chrome/96.0.4664.110 Safari/537.36"
::1 - - [19/Dec/2021:13:22:42 +0000] "GET /styles/styles.css HTTP/1.1" 200 6473 "http://localhost:2000/pages/members/members.html" "Mozilla/5.0 (Windows NT 10.0; Win64; x64) AppleWebKit/537.36 (KHTML, like Gecko) Chrome/96.0.4664.110 Safari/537.36"
::1 - - [19/Dec/2021:13:22:42 +0000] "GET /pages/members/main-section.js HTTP/1.1" 304 - "http://localhost:2000/pages/members/members.js" "Mozilla/5.0 (Windows NT 10.0; Win64; x64) AppleWebKit/537.36 (KHTML, like Gecko) Chrome/96.0.4664.110 Safari/537.36"
::1 - - [19/Dec/2021:13:22:42 +0000] "GET /components/footer-component.js HTTP/1.1" 304 - "http://localhost:2000/pages/members/members.js" "Mozilla/5.0 (Windows NT 10.0; Win64; x64) AppleWebKit/537.36 (KHTML, like Gecko) Chrome/96.0.4664.110 Safari/537.36"
::1 - - [19/Dec/2021:13:22:42 +0000] "GET /components/header-component.js HTTP/1.1" 200 326 "http://localhost:2000/pages/members/members.js" "Mozilla/5.0 (Windows NT 10.0; Win64; x64) AppleWebKit/537.36 (KHTML, like Gecko) Chrome/96.0.4664.110 Safari/537.36"
::1 - - [19/Dec/2021:13:22:42 +0000] "GET /public/assets/logo_pc_full.png HTTP/1.1" 304 - "http://localhost:2000/pages/members/members.html" "Mozilla/5.0 (Windows NT 10.0; Win64; x64) AppleWebKit/537.36 (KHTML, like Gecko) Chrome/96.0.4664.110 Safari/537.36"
::1 - - [19/Dec/2021:13:22:43 +0000] "GET /pages/members/members.html HTTP/1.1" 304 - "http://localhost:2000/pages/home/home.html" "Mozilla/5.0 (Windows NT 10.0; Win64; x64) AppleWebKit/537.36 (KHTML, like Gecko) Chrome/96.0.4664.110 Safari/537.36"
::1 - - [19/Dec/2021:13:22:43 +0000] "GET /styles/styles.css HTTP/1.1" 304 - "http://localhost:2000/pages/members/members.html" "Mozilla/5.0 (Windows NT 10.0; Win64; x64) AppleWebKit/537.36 (KHTML, like Gecko) Chrome/96.0.4664.110 Safari/537.36"
::1 - - [19/Dec/2021:13:22:43 +0000] "GET /pages/members/members.js HTTP/1.1" 304 - "http://localhost:2000/pages/members/members.html" "Mozilla/5.0 (Windows NT 10.0; Win64; x64) AppleWebKit/537.36 (KHTML, like Gecko) Chrome/96.0.4664.110 Safari/537.36"
::1 - - [19/Dec/2021:13:22:43 +0000] "GET /components/header-component.js HTTP/1.1" 304 - "http://localhost:2000/pages/members/members.js" "Mozilla/5.0 (Windows NT 10.0; Win64; x64) AppleWebKit/537.36 (KHTML, like Gecko) Chrome/96.0.4664.110 Safari/537.36"
::1 - - [19/Dec/2021:13:22:43 +0000] "GET /components/footer-component.js HTTP/1.1" 304 - "http://localhost:2000/pages/members/members.js" "Mozilla/5.0 (Windows NT 10.0; Win64; x64) AppleWebKit/537.36 (KHTML, like Gecko) Chrome/96.0.4664.110 Safari/537.36"
::1 - - [19/Dec/2021:13:22:43 +0000] "GET /pages/members/main-section.js HTTP/1.1" 304 - "http://localhost:2000/pages/members/members.js" "Mozilla/5.0 (Windows NT 10.0; Win64; x64) AppleWebKit/537.36 (KHTML, like Gecko) Chrome/96.0.4664.110 Safari/537.36"
::1 - - [19/Dec/2021:13:22:43 +0000] "GET /public/assets/logo_pc_full.png HTTP/1.1" 304 - "http://localhost:2000/pages/members/members.html" "Mozilla/5.0 (Windows NT 10.0; Win64; x64) AppleWebKit/537.36 (KHTML, like Gecko) Chrome/96.0.4664.110 Safari/537.36"
::1 - - [19/Dec/2021:13:24:11 +0000] "GET /pages/members/members.html HTTP/1.1" 304 - "http://localhost:2000/pages/home/home.html" "Mozilla/5.0 (Windows NT 10.0; Win64; x64) AppleWebKit/537.36 (KHTML, like Gecko) Chrome/96.0.4664.110 Safari/537.36"
::1 - - [19/Dec/2021:13:24:11 +0000] "GET /pages/members/members.js HTTP/1.1" 304 - "http://localhost:2000/pages/members/members.html" "Mozilla/5.0 (Windows NT 10.0; Win64; x64) AppleWebKit/537.36 (KHTML, like Gecko) Chrome/96.0.4664.110 Safari/537.36"
::1 - - [19/Dec/2021:13:24:11 +0000] "GET /styles/styles.css HTTP/1.1" 200 6495 "http://localhost:2000/pages/members/members.html" "Mozilla/5.0 (Windows NT 10.0; Win64; x64) AppleWebKit/537.36 (KHTML, like Gecko) Chrome/96.0.4664.110 Safari/537.36"
::1 - - [19/Dec/2021:13:24:11 +0000] "GET /components/header-component.js HTTP/1.1" 304 - "http://localhost:2000/pages/members/members.js" "Mozilla/5.0 (Windows NT 10.0; Win64; x64) AppleWebKit/537.36 (KHTML, like Gecko) Chrome/96.0.4664.110 Safari/537.36"
::1 - - [19/Dec/2021:13:24:11 +0000] "GET /components/footer-component.js HTTP/1.1" 304 - "http://localhost:2000/pages/members/members.js" "Mozilla/5.0 (Windows NT 10.0; Win64; x64) AppleWebKit/537.36 (KHTML, like Gecko) Chrome/96.0.4664.110 Safari/537.36"
::1 - - [19/Dec/2021:13:24:11 +0000] "GET /pages/members/main-section.js HTTP/1.1" 304 - "http://localhost:2000/pages/members/members.js" "Mozilla/5.0 (Windows NT 10.0; Win64; x64) AppleWebKit/537.36 (KHTML, like Gecko) Chrome/96.0.4664.110 Safari/537.36"
::1 - - [19/Dec/2021:13:24:11 +0000] "GET /public/assets/logo_pc_full.png HTTP/1.1" 304 - "http://localhost:2000/pages/members/members.html" "Mozilla/5.0 (Windows NT 10.0; Win64; x64) AppleWebKit/537.36 (KHTML, like Gecko) Chrome/96.0.4664.110 Safari/537.36"
::1 - - [19/Dec/2021:13:24:12 +0000] "GET /pages/members/members.html HTTP/1.1" 304 - "http://localhost:2000/pages/home/home.html" "Mozilla/5.0 (Windows NT 10.0; Win64; x64) AppleWebKit/537.36 (KHTML, like Gecko) Chrome/96.0.4664.110 Safari/537.36"
::1 - - [19/Dec/2021:13:24:12 +0000] "GET /styles/styles.css HTTP/1.1" 304 - "http://localhost:2000/pages/members/members.html" "Mozilla/5.0 (Windows NT 10.0; Win64; x64) AppleWebKit/537.36 (KHTML, like Gecko) Chrome/96.0.4664.110 Safari/537.36"
::1 - - [19/Dec/2021:13:24:12 +0000] "GET /pages/members/members.js HTTP/1.1" 304 - "http://localhost:2000/pages/members/members.html" "Mozilla/5.0 (Windows NT 10.0; Win64; x64) AppleWebKit/537.36 (KHTML, like Gecko) Chrome/96.0.4664.110 Safari/537.36"
::1 - - [19/Dec/2021:13:24:12 +0000] "GET /components/header-component.js HTTP/1.1" 304 - "http://localhost:2000/pages/members/members.js" "Mozilla/5.0 (Windows NT 10.0; Win64; x64) AppleWebKit/537.36 (KHTML, like Gecko) Chrome/96.0.4664.110 Safari/537.36"
::1 - - [19/Dec/2021:13:24:12 +0000] "GET /components/footer-component.js HTTP/1.1" 304 - "http://localhost:2000/pages/members/members.js" "Mozilla/5.0 (Windows NT 10.0; Win64; x64) AppleWebKit/537.36 (KHTML, like Gecko) Chrome/96.0.4664.110 Safari/537.36"
::1 - - [19/Dec/2021:13:24:12 +0000] "GET /pages/members/main-section.js HTTP/1.1" 304 - "http://localhost:2000/pages/members/members.js" "Mozilla/5.0 (Windows NT 10.0; Win64; x64) AppleWebKit/537.36 (KHTML, like Gecko) Chrome/96.0.4664.110 Safari/537.36"
::1 - - [19/Dec/2021:13:24:12 +0000] "GET /public/assets/logo_pc_full.png HTTP/1.1" 304 - "http://localhost:2000/pages/members/members.html" "Mozilla/5.0 (Windows NT 10.0; Win64; x64) AppleWebKit/537.36 (KHTML, like Gecko) Chrome/96.0.4664.110 Safari/537.36"
::1 - - [19/Dec/2021:13:25:36 +0000] "GET /pages/members/members.html HTTP/1.1" 304 - "http://localhost:2000/pages/home/home.html" "Mozilla/5.0 (Windows NT 10.0; Win64; x64) AppleWebKit/537.36 (KHTML, like Gecko) Chrome/96.0.4664.110 Safari/537.36"
::1 - - [19/Dec/2021:13:25:36 +0000] "GET /pages/members/members.js HTTP/1.1" 304 - "http://localhost:2000/pages/members/members.html" "Mozilla/5.0 (Windows NT 10.0; Win64; x64) AppleWebKit/537.36 (KHTML, like Gecko) Chrome/96.0.4664.110 Safari/537.36"
::1 - - [19/Dec/2021:13:25:36 +0000] "GET /styles/styles.css HTTP/1.1" 200 6525 "http://localhost:2000/pages/members/members.html" "Mozilla/5.0 (Windows NT 10.0; Win64; x64) AppleWebKit/537.36 (KHTML, like Gecko) Chrome/96.0.4664.110 Safari/537.36"
::1 - - [19/Dec/2021:13:25:36 +0000] "GET /pages/members/main-section.js HTTP/1.1" 304 - "http://localhost:2000/pages/members/members.js" "Mozilla/5.0 (Windows NT 10.0; Win64; x64) AppleWebKit/537.36 (KHTML, like Gecko) Chrome/96.0.4664.110 Safari/537.36"
::1 - - [19/Dec/2021:13:25:36 +0000] "GET /components/header-component.js HTTP/1.1" 304 - "http://localhost:2000/pages/members/members.js" "Mozilla/5.0 (Windows NT 10.0; Win64; x64) AppleWebKit/537.36 (KHTML, like Gecko) Chrome/96.0.4664.110 Safari/537.36"
::1 - - [19/Dec/2021:13:25:36 +0000] "GET /components/footer-component.js HTTP/1.1" 304 - "http://localhost:2000/pages/members/members.js" "Mozilla/5.0 (Windows NT 10.0; Win64; x64) AppleWebKit/537.36 (KHTML, like Gecko) Chrome/96.0.4664.110 Safari/537.36"
::1 - - [19/Dec/2021:13:25:36 +0000] "GET /public/assets/logo_pc_full.png HTTP/1.1" 304 - "http://localhost:2000/pages/members/members.html" "Mozilla/5.0 (Windows NT 10.0; Win64; x64) AppleWebKit/537.36 (KHTML, like Gecko) Chrome/96.0.4664.110 Safari/537.36"
::1 - - [19/Dec/2021:13:25:48 +0000] "GET /styles/styles.css HTTP/1.1" 304 - "http://localhost:2000/pages/members/members.html" "Mozilla/5.0 (Windows NT 10.0; Win64; x64) AppleWebKit/537.36 (KHTML, like Gecko) Chrome/96.0.4664.110 Safari/537.36"
::1 - - [19/Dec/2021:13:25:53 +0000] "GET /pages/members/members.html HTTP/1.1" 200 420 "http://localhost:2000/pages/home/home.html" "Mozilla/5.0 (Windows NT 10.0; Win64; x64) AppleWebKit/537.36 (KHTML, like Gecko) Chrome/96.0.4664.110 Safari/537.36"
::1 - - [19/Dec/2021:13:25:53 +0000] "GET /styles/styles.css HTTP/1.1" 200 6525 "http://localhost:2000/pages/members/members.html" "Mozilla/5.0 (Windows NT 10.0; Win64; x64) AppleWebKit/537.36 (KHTML, like Gecko) Chrome/96.0.4664.110 Safari/537.36"
::1 - - [19/Dec/2021:13:25:53 +0000] "GET /pages/members/members.js HTTP/1.1" 200 563 "http://localhost:2000/pages/members/members.html" "Mozilla/5.0 (Windows NT 10.0; Win64; x64) AppleWebKit/537.36 (KHTML, like Gecko) Chrome/96.0.4664.110 Safari/537.36"
::1 - - [19/Dec/2021:13:25:53 +0000] "GET /components/header-component.js HTTP/1.1" 200 326 "http://localhost:2000/pages/members/members.js" "Mozilla/5.0 (Windows NT 10.0; Win64; x64) AppleWebKit/537.36 (KHTML, like Gecko) Chrome/96.0.4664.110 Safari/537.36"
::1 - - [19/Dec/2021:13:25:53 +0000] "GET /components/footer-component.js HTTP/1.1" 200 162 "http://localhost:2000/pages/members/members.js" "Mozilla/5.0 (Windows NT 10.0; Win64; x64) AppleWebKit/537.36 (KHTML, like Gecko) Chrome/96.0.4664.110 Safari/537.36"
::1 - - [19/Dec/2021:13:25:53 +0000] "GET /pages/members/main-section.js HTTP/1.1" 200 237 "http://localhost:2000/pages/members/members.js" "Mozilla/5.0 (Windows NT 10.0; Win64; x64) AppleWebKit/537.36 (KHTML, like Gecko) Chrome/96.0.4664.110 Safari/537.36"
::1 - - [19/Dec/2021:13:25:53 +0000] "GET /public/assets/logo_pc_full.png HTTP/1.1" 200 125836 "http://localhost:2000/pages/members/members.html" "Mozilla/5.0 (Windows NT 10.0; Win64; x64) AppleWebKit/537.36 (KHTML, like Gecko) Chrome/96.0.4664.110 Safari/537.36"
::1 - - [19/Dec/2021:13:25:53 +0000] "GET /favicon.ico HTTP/1.1" 404 150 "http://localhost:2000/pages/members/members.html" "Mozilla/5.0 (Windows NT 10.0; Win64; x64) AppleWebKit/537.36 (KHTML, like Gecko) Chrome/96.0.4664.110 Safari/537.36"
::1 - - [19/Dec/2021:13:26:11 +0000] "GET / HTTP/1.1" 304 - "-" "Mozilla/5.0 (Windows NT 10.0; Win64; x64) AppleWebKit/537.36 (KHTML, like Gecko) Chrome/96.0.4664.110 Safari/537.36"
::1 - - [19/Dec/2021:13:26:12 +0000] "GET /pages/home/home.js HTTP/1.1" 304 - "http://localhost:2000/" "Mozilla/5.0 (Windows NT 10.0; Win64; x64) AppleWebKit/537.36 (KHTML, like Gecko) Chrome/96.0.4664.110 Safari/537.36"
::1 - - [19/Dec/2021:13:26:12 +0000] "GET /styles/styles.css HTTP/1.1" 304 - "http://localhost:2000/" "Mozilla/5.0 (Windows NT 10.0; Win64; x64) AppleWebKit/537.36 (KHTML, like Gecko) Chrome/96.0.4664.110 Safari/537.36"
::1 - - [19/Dec/2021:13:26:12 +0000] "GET /components/header-component.js HTTP/1.1" 304 - "http://localhost:2000/pages/home/home.js" "Mozilla/5.0 (Windows NT 10.0; Win64; x64) AppleWebKit/537.36 (KHTML, like Gecko) Chrome/96.0.4664.110 Safari/537.36"
::1 - - [19/Dec/2021:13:26:12 +0000] "GET /components/footer-component.js HTTP/1.1" 304 - "http://localhost:2000/pages/home/home.js" "Mozilla/5.0 (Windows NT 10.0; Win64; x64) AppleWebKit/537.36 (KHTML, like Gecko) Chrome/96.0.4664.110 Safari/537.36"
::1 - - [19/Dec/2021:13:26:12 +0000] "GET /pages/home/main-section.js HTTP/1.1" 304 - "http://localhost:2000/pages/home/home.js" "Mozilla/5.0 (Windows NT 10.0; Win64; x64) AppleWebKit/537.36 (KHTML, like Gecko) Chrome/96.0.4664.110 Safari/537.36"
::1 - - [19/Dec/2021:13:26:12 +0000] "GET /public/assets/logo_pc_full.png HTTP/1.1" 304 - "http://localhost:2000/" "Mozilla/5.0 (Windows NT 10.0; Win64; x64) AppleWebKit/537.36 (KHTML, like Gecko) Chrome/96.0.4664.110 Safari/537.36"
::1 - - [19/Dec/2021:13:27:41 +0000] "GET / HTTP/1.1" 304 - "-" "Mozilla/5.0 (Windows NT 10.0; Win64; x64) AppleWebKit/537.36 (KHTML, like Gecko) Chrome/96.0.4664.110 Safari/537.36"
::1 - - [19/Dec/2021:13:27:41 +0000] "GET /pages/home/home.js HTTP/1.1" 304 - "http://localhost:2000/" "Mozilla/5.0 (Windows NT 10.0; Win64; x64) AppleWebKit/537.36 (KHTML, like Gecko) Chrome/96.0.4664.110 Safari/537.36"
::1 - - [19/Dec/2021:13:27:41 +0000] "GET /styles/styles.css HTTP/1.1" 200 6424 "http://localhost:2000/" "Mozilla/5.0 (Windows NT 10.0; Win64; x64) AppleWebKit/537.36 (KHTML, like Gecko) Chrome/96.0.4664.110 Safari/537.36"
::1 - - [19/Dec/2021:13:27:41 +0000] "GET /pages/home/main-section.js HTTP/1.1" 304 - "http://localhost:2000/pages/home/home.js" "Mozilla/5.0 (Windows NT 10.0; Win64; x64) AppleWebKit/537.36 (KHTML, like Gecko) Chrome/96.0.4664.110 Safari/537.36"
::1 - - [19/Dec/2021:13:27:41 +0000] "GET /components/header-component.js HTTP/1.1" 304 - "http://localhost:2000/pages/home/home.js" "Mozilla/5.0 (Windows NT 10.0; Win64; x64) AppleWebKit/537.36 (KHTML, like Gecko) Chrome/96.0.4664.110 Safari/537.36"
::1 - - [19/Dec/2021:13:27:41 +0000] "GET /components/footer-component.js HTTP/1.1" 304 - "http://localhost:2000/pages/home/home.js" "Mozilla/5.0 (Windows NT 10.0; Win64; x64) AppleWebKit/537.36 (KHTML, like Gecko) Chrome/96.0.4664.110 Safari/537.36"
::1 - - [19/Dec/2021:13:27:41 +0000] "GET /public/assets/logo_pc_full.png HTTP/1.1" 304 - "http://localhost:2000/" "Mozilla/5.0 (Windows NT 10.0; Win64; x64) AppleWebKit/537.36 (KHTML, like Gecko) Chrome/96.0.4664.110 Safari/537.36"
::1 - - [19/Dec/2021:13:27:57 +0000] "GET / HTTP/1.1" 200 514 "-" "Mozilla/5.0 (Windows NT 10.0; Win64; x64) AppleWebKit/537.36 (KHTML, like Gecko) Chrome/96.0.4664.110 Safari/537.36"
::1 - - [19/Dec/2021:13:27:57 +0000] "GET /styles/styles.css HTTP/1.1" 200 6424 "http://localhost:2000/" "Mozilla/5.0 (Windows NT 10.0; Win64; x64) AppleWebKit/537.36 (KHTML, like Gecko) Chrome/96.0.4664.110 Safari/537.36"
::1 - - [19/Dec/2021:13:27:57 +0000] "GET /pages/home/home.js HTTP/1.1" 200 557 "http://localhost:2000/" "Mozilla/5.0 (Windows NT 10.0; Win64; x64) AppleWebKit/537.36 (KHTML, like Gecko) Chrome/96.0.4664.110 Safari/537.36"
::1 - - [19/Dec/2021:13:27:57 +0000] "GET /components/header-component.js HTTP/1.1" 200 326 "http://localhost:2000/pages/home/home.js" "Mozilla/5.0 (Windows NT 10.0; Win64; x64) AppleWebKit/537.36 (KHTML, like Gecko) Chrome/96.0.4664.110 Safari/537.36"
::1 - - [19/Dec/2021:13:27:57 +0000] "GET /components/footer-component.js HTTP/1.1" 200 162 "http://localhost:2000/pages/home/home.js" "Mozilla/5.0 (Windows NT 10.0; Win64; x64) AppleWebKit/537.36 (KHTML, like Gecko) Chrome/96.0.4664.110 Safari/537.36"
::1 - - [19/Dec/2021:13:27:57 +0000] "GET /pages/home/main-section.js HTTP/1.1" 200 234 "http://localhost:2000/pages/home/home.js" "Mozilla/5.0 (Windows NT 10.0; Win64; x64) AppleWebKit/537.36 (KHTML, like Gecko) Chrome/96.0.4664.110 Safari/537.36"
::1 - - [19/Dec/2021:13:27:57 +0000] "GET /public/assets/logo_pc_full.png HTTP/1.1" 200 125836 "http://localhost:2000/" "Mozilla/5.0 (Windows NT 10.0; Win64; x64) AppleWebKit/537.36 (KHTML, like Gecko) Chrome/96.0.4664.110 Safari/537.36"
::1 - - [19/Dec/2021:13:27:57 +0000] "GET /favicon.ico HTTP/1.1" 404 150 "http://localhost:2000/" "Mozilla/5.0 (Windows NT 10.0; Win64; x64) AppleWebKit/537.36 (KHTML, like Gecko) Chrome/96.0.4664.110 Safari/537.36"
::1 - - [19/Dec/2021:13:28:35 +0000] "GET / HTTP/1.1" 304 - "-" "Mozilla/5.0 (Windows NT 10.0; Win64; x64) AppleWebKit/537.36 (KHTML, like Gecko) Chrome/96.0.4664.110 Safari/537.36"
::1 - - [19/Dec/2021:13:28:35 +0000] "GET /styles/styles.css HTTP/1.1" 304 - "http://localhost:2000/" "Mozilla/5.0 (Windows NT 10.0; Win64; x64) AppleWebKit/537.36 (KHTML, like Gecko) Chrome/96.0.4664.110 Safari/537.36"
::1 - - [19/Dec/2021:13:28:35 +0000] "GET /pages/home/home.js HTTP/1.1" 304 - "http://localhost:2000/" "Mozilla/5.0 (Windows NT 10.0; Win64; x64) AppleWebKit/537.36 (KHTML, like Gecko) Chrome/96.0.4664.110 Safari/537.36"
::1 - - [19/Dec/2021:13:28:35 +0000] "GET /components/header-component.js HTTP/1.1" 304 - "http://localhost:2000/pages/home/home.js" "Mozilla/5.0 (Windows NT 10.0; Win64; x64) AppleWebKit/537.36 (KHTML, like Gecko) Chrome/96.0.4664.110 Safari/537.36"
::1 - - [19/Dec/2021:13:28:35 +0000] "GET /components/footer-component.js HTTP/1.1" 304 - "http://localhost:2000/pages/home/home.js" "Mozilla/5.0 (Windows NT 10.0; Win64; x64) AppleWebKit/537.36 (KHTML, like Gecko) Chrome/96.0.4664.110 Safari/537.36"
::1 - - [19/Dec/2021:13:28:35 +0000] "GET /pages/home/main-section.js HTTP/1.1" 304 - "http://localhost:2000/pages/home/home.js" "Mozilla/5.0 (Windows NT 10.0; Win64; x64) AppleWebKit/537.36 (KHTML, like Gecko) Chrome/96.0.4664.110 Safari/537.36"
::1 - - [19/Dec/2021:13:28:35 +0000] "GET /public/assets/logo_pc_full.png HTTP/1.1" 304 - "http://localhost:2000/" "Mozilla/5.0 (Windows NT 10.0; Win64; x64) AppleWebKit/537.36 (KHTML, like Gecko) Chrome/96.0.4664.110 Safari/537.36"
::1 - - [19/Dec/2021:13:33:09 +0000] "GET / HTTP/1.1" 200 514 "-" "Mozilla/5.0 (Windows NT 10.0; Win64; x64) AppleWebKit/537.36 (KHTML, like Gecko) Chrome/96.0.4664.110 Safari/537.36"
::1 - - [19/Dec/2021:13:33:09 +0000] "GET /styles/styles.css HTTP/1.1" 200 6424 "http://localhost:2000/" "Mozilla/5.0 (Windows NT 10.0; Win64; x64) AppleWebKit/537.36 (KHTML, like Gecko) Chrome/96.0.4664.110 Safari/537.36"
::1 - - [19/Dec/2021:13:33:09 +0000] "GET /pages/home/home.js HTTP/1.1" 200 557 "http://localhost:2000/" "Mozilla/5.0 (Windows NT 10.0; Win64; x64) AppleWebKit/537.36 (KHTML, like Gecko) Chrome/96.0.4664.110 Safari/537.36"
::1 - - [19/Dec/2021:13:33:09 +0000] "GET /components/header-component.js HTTP/1.1" 200 326 "http://localhost:2000/pages/home/home.js" "Mozilla/5.0 (Windows NT 10.0; Win64; x64) AppleWebKit/537.36 (KHTML, like Gecko) Chrome/96.0.4664.110 Safari/537.36"
::1 - - [19/Dec/2021:13:33:09 +0000] "GET /components/footer-component.js HTTP/1.1" 200 162 "http://localhost:2000/pages/home/home.js" "Mozilla/5.0 (Windows NT 10.0; Win64; x64) AppleWebKit/537.36 (KHTML, like Gecko) Chrome/96.0.4664.110 Safari/537.36"
::1 - - [19/Dec/2021:13:33:09 +0000] "GET /pages/home/main-section.js HTTP/1.1" 200 234 "http://localhost:2000/pages/home/home.js" "Mozilla/5.0 (Windows NT 10.0; Win64; x64) AppleWebKit/537.36 (KHTML, like Gecko) Chrome/96.0.4664.110 Safari/537.36"
::1 - - [19/Dec/2021:13:33:09 +0000] "GET /public/assets/logo_pc_full.png HTTP/1.1" 200 125836 "http://localhost:2000/" "Mozilla/5.0 (Windows NT 10.0; Win64; x64) AppleWebKit/537.36 (KHTML, like Gecko) Chrome/96.0.4664.110 Safari/537.36"
::1 - - [19/Dec/2021:13:33:09 +0000] "GET /favicon.ico HTTP/1.1" 404 150 "http://localhost:2000/" "Mozilla/5.0 (Windows NT 10.0; Win64; x64) AppleWebKit/537.36 (KHTML, like Gecko) Chrome/96.0.4664.110 Safari/537.36"
::1 - - [19/Dec/2021:13:33:47 +0000] "GET /styles/styles.css HTTP/1.1" 304 - "http://localhost:2000/" "Mozilla/5.0 (Windows NT 10.0; Win64; x64) AppleWebKit/537.36 (KHTML, like Gecko) Chrome/96.0.4664.110 Safari/537.36"
::1 - - [19/Dec/2021:13:34:08 +0000] "GET /pages/members/members.html HTTP/1.1" 304 - "http://localhost:2000/" "Mozilla/5.0 (Windows NT 10.0; Win64; x64) AppleWebKit/537.36 (KHTML, like Gecko) Chrome/96.0.4664.110 Safari/537.36"
::1 - - [19/Dec/2021:13:34:08 +0000] "GET /styles/styles.css HTTP/1.1" 304 - "http://localhost:2000/pages/members/members.html" "Mozilla/5.0 (Windows NT 10.0; Win64; x64) AppleWebKit/537.36 (KHTML, like Gecko) Chrome/96.0.4664.110 Safari/537.36"
::1 - - [19/Dec/2021:13:34:08 +0000] "GET /pages/members/members.js HTTP/1.1" 304 - "http://localhost:2000/pages/members/members.html" "Mozilla/5.0 (Windows NT 10.0; Win64; x64) AppleWebKit/537.36 (KHTML, like Gecko) Chrome/96.0.4664.110 Safari/537.36"
::1 - - [19/Dec/2021:13:34:08 +0000] "GET /pages/members/main-section.js HTTP/1.1" 304 - "http://localhost:2000/pages/members/members.js" "Mozilla/5.0 (Windows NT 10.0; Win64; x64) AppleWebKit/537.36 (KHTML, like Gecko) Chrome/96.0.4664.110 Safari/537.36"
::1 - - [19/Dec/2021:13:34:08 +0000] "GET /components/header-component.js HTTP/1.1" 304 - "http://localhost:2000/pages/members/members.js" "Mozilla/5.0 (Windows NT 10.0; Win64; x64) AppleWebKit/537.36 (KHTML, like Gecko) Chrome/96.0.4664.110 Safari/537.36"
::1 - - [19/Dec/2021:13:34:08 +0000] "GET /components/footer-component.js HTTP/1.1" 304 - "http://localhost:2000/pages/members/members.js" "Mozilla/5.0 (Windows NT 10.0; Win64; x64) AppleWebKit/537.36 (KHTML, like Gecko) Chrome/96.0.4664.110 Safari/537.36"
::1 - - [19/Dec/2021:13:34:08 +0000] "GET /public/assets/logo_pc_full.png HTTP/1.1" 304 - "http://localhost:2000/pages/members/members.html" "Mozilla/5.0 (Windows NT 10.0; Win64; x64) AppleWebKit/537.36 (KHTML, like Gecko) Chrome/96.0.4664.110 Safari/537.36"
::1 - - [19/Dec/2021:13:36:35 +0000] "GET / HTTP/1.1" 304 - "-" "Mozilla/5.0 (Windows NT 10.0; Win64; x64) AppleWebKit/537.36 (KHTML, like Gecko) Chrome/96.0.4664.110 Safari/537.36"
::1 - - [19/Dec/2021:13:36:35 +0000] "GET /pages/home/home.js HTTP/1.1" 304 - "http://localhost:2000/" "Mozilla/5.0 (Windows NT 10.0; Win64; x64) AppleWebKit/537.36 (KHTML, like Gecko) Chrome/96.0.4664.110 Safari/537.36"
::1 - - [19/Dec/2021:13:36:35 +0000] "GET /styles/styles.css HTTP/1.1" 200 6455 "http://localhost:2000/" "Mozilla/5.0 (Windows NT 10.0; Win64; x64) AppleWebKit/537.36 (KHTML, like Gecko) Chrome/96.0.4664.110 Safari/537.36"
::1 - - [19/Dec/2021:13:36:35 +0000] "GET /components/header-component.js HTTP/1.1" 304 - "http://localhost:2000/pages/home/home.js" "Mozilla/5.0 (Windows NT 10.0; Win64; x64) AppleWebKit/537.36 (KHTML, like Gecko) Chrome/96.0.4664.110 Safari/537.36"
::1 - - [19/Dec/2021:13:36:35 +0000] "GET /components/footer-component.js HTTP/1.1" 304 - "http://localhost:2000/pages/home/home.js" "Mozilla/5.0 (Windows NT 10.0; Win64; x64) AppleWebKit/537.36 (KHTML, like Gecko) Chrome/96.0.4664.110 Safari/537.36"
::1 - - [19/Dec/2021:13:36:35 +0000] "GET /pages/home/main-section.js HTTP/1.1" 304 - "http://localhost:2000/pages/home/home.js" "Mozilla/5.0 (Windows NT 10.0; Win64; x64) AppleWebKit/537.36 (KHTML, like Gecko) Chrome/96.0.4664.110 Safari/537.36"
::1 - - [19/Dec/2021:13:36:35 +0000] "GET /public/assets/logo_pc_full.png HTTP/1.1" 304 - "http://localhost:2000/" "Mozilla/5.0 (Windows NT 10.0; Win64; x64) AppleWebKit/537.36 (KHTML, like Gecko) Chrome/96.0.4664.110 Safari/537.36"
::1 - - [19/Dec/2021:13:36:38 +0000] "GET /pages/members/members.html HTTP/1.1" 304 - "http://localhost:2000/" "Mozilla/5.0 (Windows NT 10.0; Win64; x64) AppleWebKit/537.36 (KHTML, like Gecko) Chrome/96.0.4664.110 Safari/537.36"
::1 - - [19/Dec/2021:13:36:38 +0000] "GET /styles/styles.css HTTP/1.1" 304 - "http://localhost:2000/pages/members/members.html" "Mozilla/5.0 (Windows NT 10.0; Win64; x64) AppleWebKit/537.36 (KHTML, like Gecko) Chrome/96.0.4664.110 Safari/537.36"
::1 - - [19/Dec/2021:13:36:38 +0000] "GET /pages/members/members.js HTTP/1.1" 304 - "http://localhost:2000/pages/members/members.html" "Mozilla/5.0 (Windows NT 10.0; Win64; x64) AppleWebKit/537.36 (KHTML, like Gecko) Chrome/96.0.4664.110 Safari/537.36"
::1 - - [19/Dec/2021:13:36:38 +0000] "GET /components/header-component.js HTTP/1.1" 304 - "http://localhost:2000/pages/members/members.js" "Mozilla/5.0 (Windows NT 10.0; Win64; x64) AppleWebKit/537.36 (KHTML, like Gecko) Chrome/96.0.4664.110 Safari/537.36"
::1 - - [19/Dec/2021:13:36:38 +0000] "GET /components/footer-component.js HTTP/1.1" 304 - "http://localhost:2000/pages/members/members.js" "Mozilla/5.0 (Windows NT 10.0; Win64; x64) AppleWebKit/537.36 (KHTML, like Gecko) Chrome/96.0.4664.110 Safari/537.36"
::1 - - [19/Dec/2021:13:36:38 +0000] "GET /pages/members/main-section.js HTTP/1.1" 304 - "http://localhost:2000/pages/members/members.js" "Mozilla/5.0 (Windows NT 10.0; Win64; x64) AppleWebKit/537.36 (KHTML, like Gecko) Chrome/96.0.4664.110 Safari/537.36"
::1 - - [19/Dec/2021:13:36:38 +0000] "GET /public/assets/logo_pc_full.png HTTP/1.1" 304 - "http://localhost:2000/pages/members/members.html" "Mozilla/5.0 (Windows NT 10.0; Win64; x64) AppleWebKit/537.36 (KHTML, like Gecko) Chrome/96.0.4664.110 Safari/537.36"
::1 - - [19/Dec/2021:13:36:40 +0000] "GET /pages/home/home.html HTTP/1.1" 304 - "http://localhost:2000/pages/members/members.html" "Mozilla/5.0 (Windows NT 10.0; Win64; x64) AppleWebKit/537.36 (KHTML, like Gecko) Chrome/96.0.4664.110 Safari/537.36"
::1 - - [19/Dec/2021:13:36:40 +0000] "GET /styles/styles.css HTTP/1.1" 304 - "http://localhost:2000/pages/home/home.html" "Mozilla/5.0 (Windows NT 10.0; Win64; x64) AppleWebKit/537.36 (KHTML, like Gecko) Chrome/96.0.4664.110 Safari/537.36"
::1 - - [19/Dec/2021:13:36:40 +0000] "GET /pages/home/home.js HTTP/1.1" 304 - "http://localhost:2000/pages/home/home.html" "Mozilla/5.0 (Windows NT 10.0; Win64; x64) AppleWebKit/537.36 (KHTML, like Gecko) Chrome/96.0.4664.110 Safari/537.36"
::1 - - [19/Dec/2021:13:36:40 +0000] "GET /components/header-component.js HTTP/1.1" 304 - "http://localhost:2000/pages/home/home.js" "Mozilla/5.0 (Windows NT 10.0; Win64; x64) AppleWebKit/537.36 (KHTML, like Gecko) Chrome/96.0.4664.110 Safari/537.36"
::1 - - [19/Dec/2021:13:36:40 +0000] "GET /components/footer-component.js HTTP/1.1" 304 - "http://localhost:2000/pages/home/home.js" "Mozilla/5.0 (Windows NT 10.0; Win64; x64) AppleWebKit/537.36 (KHTML, like Gecko) Chrome/96.0.4664.110 Safari/537.36"
::1 - - [19/Dec/2021:13:36:40 +0000] "GET /pages/home/main-section.js HTTP/1.1" 304 - "http://localhost:2000/pages/home/home.js" "Mozilla/5.0 (Windows NT 10.0; Win64; x64) AppleWebKit/537.36 (KHTML, like Gecko) Chrome/96.0.4664.110 Safari/537.36"
::1 - - [19/Dec/2021:13:36:40 +0000] "GET /public/assets/logo_pc_full.png HTTP/1.1" 304 - "http://localhost:2000/pages/home/home.html" "Mozilla/5.0 (Windows NT 10.0; Win64; x64) AppleWebKit/537.36 (KHTML, like Gecko) Chrome/96.0.4664.110 Safari/537.36"
::1 - - [19/Dec/2021:13:36:42 +0000] "GET /pages/members/members.html HTTP/1.1" 304 - "http://localhost:2000/pages/home/home.html" "Mozilla/5.0 (Windows NT 10.0; Win64; x64) AppleWebKit/537.36 (KHTML, like Gecko) Chrome/96.0.4664.110 Safari/537.36"
::1 - - [19/Dec/2021:13:36:42 +0000] "GET /styles/styles.css HTTP/1.1" 304 - "http://localhost:2000/pages/members/members.html" "Mozilla/5.0 (Windows NT 10.0; Win64; x64) AppleWebKit/537.36 (KHTML, like Gecko) Chrome/96.0.4664.110 Safari/537.36"
::1 - - [19/Dec/2021:13:36:42 +0000] "GET /pages/members/members.js HTTP/1.1" 304 - "http://localhost:2000/pages/members/members.html" "Mozilla/5.0 (Windows NT 10.0; Win64; x64) AppleWebKit/537.36 (KHTML, like Gecko) Chrome/96.0.4664.110 Safari/537.36"
::1 - - [19/Dec/2021:13:36:42 +0000] "GET /components/header-component.js HTTP/1.1" 304 - "http://localhost:2000/pages/members/members.js" "Mozilla/5.0 (Windows NT 10.0; Win64; x64) AppleWebKit/537.36 (KHTML, like Gecko) Chrome/96.0.4664.110 Safari/537.36"
::1 - - [19/Dec/2021:13:36:42 +0000] "GET /components/footer-component.js HTTP/1.1" 304 - "http://localhost:2000/pages/members/members.js" "Mozilla/5.0 (Windows NT 10.0; Win64; x64) AppleWebKit/537.36 (KHTML, like Gecko) Chrome/96.0.4664.110 Safari/537.36"
::1 - - [19/Dec/2021:13:36:42 +0000] "GET /pages/members/main-section.js HTTP/1.1" 304 - "http://localhost:2000/pages/members/members.js" "Mozilla/5.0 (Windows NT 10.0; Win64; x64) AppleWebKit/537.36 (KHTML, like Gecko) Chrome/96.0.4664.110 Safari/537.36"
::1 - - [19/Dec/2021:13:36:42 +0000] "GET /public/assets/logo_pc_full.png HTTP/1.1" 304 - "http://localhost:2000/pages/members/members.html" "Mozilla/5.0 (Windows NT 10.0; Win64; x64) AppleWebKit/537.36 (KHTML, like Gecko) Chrome/96.0.4664.110 Safari/537.36"
::1 - - [19/Dec/2021:13:36:44 +0000] "GET /pages/home/home.html HTTP/1.1" 304 - "http://localhost:2000/pages/members/members.html" "Mozilla/5.0 (Windows NT 10.0; Win64; x64) AppleWebKit/537.36 (KHTML, like Gecko) Chrome/96.0.4664.110 Safari/537.36"
::1 - - [19/Dec/2021:13:36:44 +0000] "GET /styles/styles.css HTTP/1.1" 304 - "http://localhost:2000/pages/home/home.html" "Mozilla/5.0 (Windows NT 10.0; Win64; x64) AppleWebKit/537.36 (KHTML, like Gecko) Chrome/96.0.4664.110 Safari/537.36"
::1 - - [19/Dec/2021:13:36:44 +0000] "GET /pages/home/home.js HTTP/1.1" 304 - "http://localhost:2000/pages/home/home.html" "Mozilla/5.0 (Windows NT 10.0; Win64; x64) AppleWebKit/537.36 (KHTML, like Gecko) Chrome/96.0.4664.110 Safari/537.36"
::1 - - [19/Dec/2021:13:36:44 +0000] "GET /components/header-component.js HTTP/1.1" 304 - "http://localhost:2000/pages/home/home.js" "Mozilla/5.0 (Windows NT 10.0; Win64; x64) AppleWebKit/537.36 (KHTML, like Gecko) Chrome/96.0.4664.110 Safari/537.36"
::1 - - [19/Dec/2021:13:36:44 +0000] "GET /components/footer-component.js HTTP/1.1" 304 - "http://localhost:2000/pages/home/home.js" "Mozilla/5.0 (Windows NT 10.0; Win64; x64) AppleWebKit/537.36 (KHTML, like Gecko) Chrome/96.0.4664.110 Safari/537.36"
::1 - - [19/Dec/2021:13:36:44 +0000] "GET /pages/home/main-section.js HTTP/1.1" 304 - "http://localhost:2000/pages/home/home.js" "Mozilla/5.0 (Windows NT 10.0; Win64; x64) AppleWebKit/537.36 (KHTML, like Gecko) Chrome/96.0.4664.110 Safari/537.36"
::1 - - [19/Dec/2021:13:36:44 +0000] "GET /public/assets/logo_pc_full.png HTTP/1.1" 304 - "http://localhost:2000/pages/home/home.html" "Mozilla/5.0 (Windows NT 10.0; Win64; x64) AppleWebKit/537.36 (KHTML, like Gecko) Chrome/96.0.4664.110 Safari/537.36"
